

--------------------------------------------------------------------------------------


df.shape before preprocessing: (5528, 64)


--------------------------------------------------------------------------------------




--------------------------------------------------------------------------------------


df_no_nulls.shape after preprocessing: (5528, 15)


--------------------------------------------------------------------------------------


<class 'pandas.core.frame.DataFrame'>
Shape: (5528, 15)
Columns:
Gender: 5528 non-null object
Race: 5528 non-null object
Ethnicity: 5528 non-null object
Age: 5528 non-null int64
Height (cm): 5528 non-null float64
Weight (kg): 5528 non-null float64
Amiodarone (Cordarone): 5528 non-null float64
Carbamazepine (Tegretol): 5528 non-null bool
Phenytoin (Dilantin): 5528 non-null bool
Rifampin or Rifampicin: 5528 non-null bool
Therapeutic Dose of Warfarin: 5528 non-null category
Cyp2C9 genotypes: 5528 non-null object
VKORC1 genotype: -1639 G>A (3673); chr16:31015190; rs9923231; C/T: 5528 non-null object
CYP2C9 consensus: 5528 non-null object
Enzyme inducer status: 5528 non-null float64


--------------------------------------------------------------------------------------


The new DataFrame without null columns has been saved to ./data/warfarin_no_nulls.csv


--------------------------------------------------------------------------------------


