

--------------------------------------------------------------------------------------


df.shape before preprocessing: (5528, 64)


--------------------------------------------------------------------------------------


df['Fixed Correct'].value_counts()
Fixed Correct
True     3382
False    2146
Name: count, dtype: int64
Fixed Accuracy: 0.611794500723589


--------------------------------------------------------------------------------------


df['Clinical Correct'].value_counts()
Clinical Correct
True     3542
False    1986
Name: count, dtype: int64
Clinical Accuracy: 0.6407380607814761


--------------------------------------------------------------------------------------


df['Pharmacogenetic Correct'].value_counts()
Pharmacogenetic Correct
True     3814
False    1714
Name: count, dtype: int64
Pharmacogenetic Accuracy: 0.6899421128798843


--------------------------------------------------------------------------------------


saved modified dataset warfarin_with_baselines.csv


--------------------------------------------------------------------------------------


